<?xml version="1.0" encoding="UTF-8"?>
<!-- Generated by org.testng.reporters.JUnitReportReporter -->
<testsuite hostname="DESKTOP-8Q5BL0R" failures="0" tests="3" name="Assignament.DemoTest" time="0.015" errors="0" timestamp="2024-04-11T20:25:33 IST" skipped="0">
  <testcase classname="Assignament.DemoTest" name="f1" time="0.005"/>
  <system-out/>
  <testcase classname="Assignament.DemoTest" name="d1" time="0.007"/>
  <system-out/>
  <testcase classname="Assignament.DemoTest" name="e1" time="0.003"/>
  <system-out/>
</testsuite> <!-- Assignament.DemoTest -->
