<?xml version="1.0" encoding="UTF-8"?>
<!-- Generated by org.testng.reporters.JUnitReportReporter -->
<testsuite hostname="DESKTOP-8Q5BL0R" failures="0" tests="2" name="Assignament.DataproviderImplementation$AssignmentOndata" time="9.601" errors="0" timestamp="2024-04-08T11:00:34 IST" skipped="0">
  <testcase classname="Assignament.DataproviderImplementation$AssignmentOndata" name="m3" time="3.950"/>
  <system-out/>
  <testcase classname="Assignament.DataproviderImplementation$AssignmentOndata" name="m3" time="5.651"/>
  <system-out/>
</testsuite> <!-- Assignament.DataproviderImplementation$AssignmentOndata -->
