<?xml version="1.0" encoding="UTF-8"?>
<!-- Generated by org.testng.reporters.JUnitReportReporter -->
<testsuite hostname="DESKTOP-8Q5BL0R" failures="0" tests="2" name="UserModule.AssignmentOndata" time="4.548" errors="0" timestamp="2024-04-08T01:37:38 IST" skipped="0">
  <testcase classname="UserModule.AssignmentOndata" name="m2" time="4.077"/>
  <system-out/>
  <testcase classname="UserModule.AssignmentOndata" name="m3" time="0.471"/>
  <system-out/>
</testsuite> <!-- UserModule.AssignmentOndata -->
