<?xml version="1.0" encoding="UTF-8"?>
<!-- Generated by org.testng.reporters.JUnitReportReporter -->
<testsuite hostname="DESKTOP-8Q5BL0R" failures="0" tests="2" name="Assignament.AssertTest" time="0.075" errors="0" timestamp="2024-04-12T12:39:12 IST" skipped="0">
  <testcase classname="Assignament.AssertTest" name="m3" time="0.025"/>
  <system-out>
    <![CDATA[paased]]>
  </system-out>
  <testcase classname="Assignament.AssertTest" name="m4" time="0.050"/>
  <system-out>
    <![CDATA[paased]]>
  </system-out>
</testsuite> <!-- Assignament.AssertTest -->
