<?xml version="1.0" encoding="UTF-8"?>
<!-- Generated by org.testng.reporters.JUnitReportReporter -->
<testsuite hostname="DESKTOP-8Q5BL0R" failures="0" tests="3" name="Assignament.SampleTest" time="0.063" errors="0" timestamp="2024-04-11T20:25:33 IST" skipped="0">
  <testcase classname="Assignament.SampleTest" name="b1" time="0.021"/>
  <system-out/>
  <testcase classname="Assignament.SampleTest" name="a1" time="0.021"/>
  <system-out/>
  <testcase classname="Assignament.SampleTest" name="c1" time="0.021"/>
  <system-out/>
</testsuite> <!-- Assignament.SampleTest -->
