<?xml version="1.0" encoding="UTF-8"?>
<!-- Generated by org.testng.reporters.JUnitReportReporter -->
<testsuite hostname="DESKTOP-8Q5BL0R" failures="0" tests="2" name="Adminmodule.RoughTest" time="13.877" errors="0" timestamp="2024-04-05T18:18:18 IST" skipped="0">
  <testcase classname="Adminmodule.RoughTest" name="t1" time="6.984"/>
  <system-out/>
  <testcase classname="Adminmodule.RoughTest" name="m1" time="6.893"/>
  <system-out/>
</testsuite> <!-- Adminmodule.RoughTest -->
