<?xml version="1.0" encoding="UTF-8"?>
<!-- Generated by org.testng.reporters.JUnitReportReporter -->
<testsuite hostname="DESKTOP-8Q5BL0R" failures="0" tests="1" name="Assignament.BaseClassPractice" time="0.012" errors="0" timestamp="2024-04-08T13:30:36 IST" skipped="0">
  <testcase classname="Assignament.BaseClassPractice" name="testScript" time="0.012"/>
  <system-out/>
</testsuite> <!-- Assignament.BaseClassPractice -->
