<?xml version="1.0" encoding="UTF-8"?>
<!-- Generated by org.testng.reporters.JUnitReportReporter -->
<testsuite hostname="DESKTOP-8Q5BL0R" failures="0" tests="1" name="UserModule.ToCreateAccTest" time="17.503" errors="0" timestamp="2024-04-12T18:01:16 IST" skipped="0">
  <testcase classname="UserModule.ToCreateAccTest" name="ToCreateAccTest" time="17.503"/>
  <system-out/>
</testsuite> <!-- UserModule.ToCreateAccTest -->
