<?xml version="1.0" encoding="UTF-8"?>
<!-- Generated by org.testng.reporters.JUnitReportReporter -->
<testsuite hostname="DESKTOP-8Q5BL0R" failures="0" tests="2" name="Adminmodule.AssignmentOndata" time="4.570" errors="0" timestamp="2024-04-08T01:37:07 IST" skipped="0">
  <testcase classname="Adminmodule.AssignmentOndata" name="m2" time="4.064"/>
  <system-out/>
  <testcase classname="Adminmodule.AssignmentOndata" name="m3" time="0.506"/>
  <system-out/>
</testsuite> <!-- Adminmodule.AssignmentOndata -->
