<?xml version="1.0" encoding="UTF-8"?>
<!-- Generated by org.testng.reporters.JUnitReportReporter -->
<testsuite hostname="DESKTOP-8Q5BL0R" failures="0" tests="3" name="Assignament.TestyantraDemoTest" time="0.008" errors="0" timestamp="2024-04-11T20:25:33 IST" skipped="0">
  <testcase classname="Assignament.TestyantraDemoTest" name="g1" time="0.003"/>
  <system-out/>
  <testcase classname="Assignament.TestyantraDemoTest" name="i1" time="0.003"/>
  <system-out/>
  <testcase classname="Assignament.TestyantraDemoTest" name="h1" time="0.002"/>
  <system-out/>
</testsuite> <!-- Assignament.TestyantraDemoTest -->
